[10Feb2025 00:00:17.498] [Server thread/WARN] [net.minecraft.server.MinecraftServer/]: Can't keep up! Is the server overloaded? Running 6026ms or 120 ticks behind
[10Feb2025 00:00:38.520] [Server thread/WARN] [net.minecraft.server.MinecraftServer/]: Can't keep up! Is the server overloaded? Running 6048ms or 120 ticks behind
[10Feb2025 00:00:59.300] [Server thread/WARN] [net.minecraft.server.MinecraftServer/]: Can't keep up! Is the server overloaded? Running 5828ms or 116 ticks behind
[10Feb2025 00:01:19.217] [Server thread/WARN] [net.minecraft.server.MinecraftServer/]: Can't keep up! Is the server overloaded? Running 4945ms or 98 ticks behind
[10Feb2025 00:01:38.874] [Server thread/WARN] [net.minecraft.server.MinecraftServer/]: Can't keep up! Is the server overloaded? Running 4702ms or 94 ticks behind
[10Feb2025 00:01:58.512] [Server thread/WARN] [net.minecraft.server.MinecraftServer/]: Can't keep up! Is the server overloaded? Running 4640ms or 92 ticks behind
[10Feb2025 00:02:09.762] [Server thread/INFO] [net.minecraft.server.MinecraftServer/]: ilis84 was slain by Dread Thrall
[10Feb2025 00:02:09.916] [Server thread/INFO] [tombstone/]: The player ilis84 has successfully been saved
[10Feb2025 00:02:21.679] [Server thread/WARN] [net.minecraft.server.MinecraftServer/]: Can't keep up! Is the server overloaded? Running 2007ms or 40 ticks behind
[10Feb2025 00:02:25.396] [Server thread/INFO] [net.minecraft.server.MinecraftServer/]: ilis84 was slain by Dread Thrall
[10Feb2025 00:02:25.526] [Server thread/INFO] [tombstone/]: The player ilis84 has successfully been saved
[10Feb2025 00:02:36.709] [Server thread/INFO] [net.minecraft.server.MinecraftServer/]: ilis84 was slain by Dread Thrall
[10Feb2025 00:02:36.763] [Server thread/INFO] [tombstone/]: The player ilis84 has successfully been saved
[10Feb2025 00:02:47.538] [Server thread/INFO] [net.minecraft.server.MinecraftServer/]: ilis84 was slain by Dread Thrall
[10Feb2025 00:02:47.586] [Server thread/INFO] [tombstone/]: The player ilis84 has successfully been saved
[10Feb2025 00:03:20.452] [Server thread/INFO] [net.minecraft.server.MinecraftServer/]: ilis84 was slain by Dread Thrall
[10Feb2025 00:03:20.527] [Server thread/INFO] [tombstone/]: The player ilis84 has successfully been saved
[10Feb2025 00:03:23.570] [Server thread/INFO] [net.minecraft.world.entity.npc.Villager/]: Villager Villager['Unemployed'/91103, l='ServerLevel[world]', x=1047.90, y=68.00, z=-288.47] died, message: 'Unemployed was pricked to death'
[10Feb2025 00:03:50.775] [Server thread/WARN] [net.minecraft.server.MinecraftServer/]: Can't keep up! Is the server overloaded? Running 2003ms or 40 ticks behind
[10Feb2025 00:04:09.680] [Server thread/WARN] [net.minecraft.server.MinecraftServer/]: Can't keep up! Is the server overloaded? Running 3908ms or 78 ticks behind
[10Feb2025 00:04:31.187] [Server thread/WARN] [net.minecraft.server.MinecraftServer/]: Can't keep up! Is the server overloaded? Running 2015ms or 40 ticks behind
[10Feb2025 00:04:49.530] [Server thread/WARN] [net.minecraft.server.MinecraftServer/]: Can't keep up! Is the server overloaded? Running 2008ms or 40 ticks behind
[10Feb2025 00:05:07.485] [Server thread/WARN] [net.minecraft.server.MinecraftServer/]: Can't keep up! Is the server overloaded? Running 2963ms or 59 ticks behind
[10Feb2025 00:05:25.205] [Server thread/WARN] [net.minecraft.server.MinecraftServer/]: Can't keep up! Is the server overloaded? Running 2733ms or 54 ticks behind
[10Feb2025 00:05:43.802] [Server thread/WARN] [net.minecraft.server.MinecraftServer/]: Can't keep up! Is the server overloaded? Running 3630ms or 72 ticks behind
[10Feb2025 00:06:01.066] [Server thread/WARN] [net.minecraft.server.MinecraftServer/]: Can't keep up! Is the server overloaded? Running 2294ms or 45 ticks behind
[10Feb2025 00:06:18.156] [Server thread/WARN] [net.minecraft.server.MinecraftServer/]: Can't keep up! Is the server overloaded? Running 2134ms or 42 ticks behind
[10Feb2025 00:06:41.239] [Server thread/WARN] [net.minecraft.server.MinecraftServer/]: Can't keep up! Is the server overloaded? Running 2017ms or 40 ticks behind
[10Feb2025 00:06:58.669] [Server thread/WARN] [net.minecraft.server.MinecraftServer/]: Can't keep up! Is the server overloaded? Running 2447ms or 48 ticks behind
[10Feb2025 00:07:16.230] [Server thread/WARN] [net.minecraft.server.MinecraftServer/]: Can't keep up! Is the server overloaded? Running 2608ms or 52 ticks behind
[10Feb2025 00:07:26.713] [Server thread/INFO] [net.minecraft.server.MinecraftServer/]: ilis84 was slain by Dread Scuttler
[10Feb2025 00:07:26.758] [Server thread/INFO] [tombstone/]: The player ilis84 has successfully been saved
[10Feb2025 00:07:40.273] [Server thread/INFO] [net.minecraft.server.MinecraftServer/]: ilis84 was slain by Dread Thrall
[10Feb2025 00:07:40.319] [Server thread/INFO] [tombstone/]: The player ilis84 has successfully been saved
[10Feb2025 00:07:52.411] [Server thread/INFO] [net.minecraft.server.MinecraftServer/]: ilis84 was slain by Dread Ghoul
[10Feb2025 00:07:52.456] [Server thread/INFO] [tombstone/]: The player ilis84 has successfully been saved
[10Feb2025 00:08:31.423] [Server thread/WARN] [net.minecraft.server.MinecraftServer/]: Can't keep up! Is the server overloaded? Running 2001ms or 40 ticks behind
[10Feb2025 00:08:49.128] [Server thread/WARN] [net.minecraft.server.MinecraftServer/]: Can't keep up! Is the server overloaded? Running 2705ms or 54 ticks behind
[10Feb2025 00:09:06.633] [Server thread/WARN] [net.minecraft.server.MinecraftServer/]: Can't keep up! Is the server overloaded? Running 2511ms or 50 ticks behind
[10Feb2025 00:09:23.666] [Server thread/WARN] [net.minecraft.server.MinecraftServer/]: Can't keep up! Is the server overloaded? Running 2044ms or 40 ticks behind
[10Feb2025 00:09:40.717] [Server thread/WARN] [net.minecraft.server.MinecraftServer/]: Can't keep up! Is the server overloaded? Running 2095ms or 41 ticks behind
[10Feb2025 00:09:57.847] [Server thread/WARN] [net.minecraft.server.MinecraftServer/]: Can't keep up! Is the server overloaded? Running 2175ms or 43 ticks behind
[10Feb2025 00:10:15.053] [Server thread/WARN] [net.minecraft.server.MinecraftServer/]: Can't keep up! Is the server overloaded? Running 2231ms or 44 ticks behind
[10Feb2025 00:10:32.327] [Server thread/WARN] [net.minecraft.server.MinecraftServer/]: Can't keep up! Is the server overloaded? Running 2305ms or 46 ticks behind
[10Feb2025 00:10:49.501] [Server thread/WARN] [net.minecraft.server.MinecraftServer/]: Can't keep up! Is the server overloaded? Running 2179ms or 43 ticks behind
[10Feb2025 00:11:06.496] [Server thread/WARN] [net.minecraft.server.MinecraftServer/]: Can't keep up! Is the server overloaded? Running 2024ms or 40 ticks behind
[10Feb2025 00:11:23.745] [Server thread/WARN] [net.minecraft.server.MinecraftServer/]: Can't keep up! Is the server overloaded? Running 2273ms or 45 ticks behind
[10Feb2025 00:11:41.317] [Server thread/WARN] [net.minecraft.server.MinecraftServer/]: Can't keep up! Is the server overloaded? Running 2595ms or 51 ticks behind
[10Feb2025 00:11:58.785] [Server thread/WARN] [net.minecraft.server.MinecraftServer/]: Can't keep up! Is the server overloaded? Running 2513ms or 50 ticks behind
[10Feb2025 00:12:16.286] [Server thread/WARN] [net.minecraft.server.MinecraftServer/]: Can't keep up! Is the server overloaded? Running 2514ms or 50 ticks behind
[10Feb2025 00:12:33.780] [Server thread/WARN] [net.minecraft.server.MinecraftServer/]: Can't keep up! Is the server overloaded? Running 2508ms or 50 ticks behind
[10Feb2025 00:12:51.675] [Server thread/WARN] [net.minecraft.server.MinecraftServer/]: Can't keep up! Is the server overloaded? Running 2003ms or 40 ticks behind
[10Feb2025 00:13:08.815] [Server thread/WARN] [net.minecraft.server.MinecraftServer/]: Can't keep up! Is the server overloaded? Running 2143ms or 42 ticks behind
[10Feb2025 00:13:25.948] [Server thread/WARN] [net.minecraft.server.MinecraftServer/]: Can't keep up! Is the server overloaded? Running 2176ms or 43 ticks behind
[10Feb2025 00:13:43.078] [Server thread/WARN] [net.minecraft.server.MinecraftServer/]: Can't keep up! Is the server overloaded? Running 2006ms or 40 ticks behind
[10Feb2025 00:14:00.354] [Server thread/WARN] [net.minecraft.server.MinecraftServer/]: Can't keep up! Is the server overloaded? Running 2282ms or 45 ticks behind
[10Feb2025 00:14:18.301] [Server thread/WARN] [net.minecraft.server.MinecraftServer/]: Can't keep up! Is the server overloaded? Running 2979ms or 59 ticks behind
[10Feb2025 00:14:35.656] [Server thread/WARN] [net.minecraft.server.MinecraftServer/]: Can't keep up! Is the server overloaded? Running 2384ms or 47 ticks behind
[10Feb2025 00:14:52.640] [Server thread/WARN] [net.minecraft.server.MinecraftServer/]: Can't keep up! Is the server overloaded? Running 2017ms or 40 ticks behind
[10Feb2025 00:15:10.034] [Server thread/WARN] [net.minecraft.server.MinecraftServer/]: Can't keep up! Is the server overloaded? Running 2412ms or 48 ticks behind
[10Feb2025 00:15:27.383] [Server thread/WARN] [net.minecraft.server.MinecraftServer/]: Can't keep up! Is the server overloaded? Running 2361ms or 47 ticks behind
[10Feb2025 00:15:44.664] [Server thread/WARN] [net.minecraft.server.MinecraftServer/]: Can't keep up! Is the server overloaded? Running 2292ms or 45 ticks behind
[10Feb2025 00:16:02.028] [Server thread/WARN] [net.minecraft.server.MinecraftServer/]: Can't keep up! Is the server overloaded? Running 2406ms or 48 ticks behind
[10Feb2025 00:16:19.727] [Server thread/WARN] [net.minecraft.server.MinecraftServer/]: Can't keep up! Is the server overloaded? Running 2705ms or 54 ticks behind
[10Feb2025 00:16:37.215] [Server thread/WARN] [net.minecraft.server.MinecraftServer/]: Can't keep up! Is the server overloaded? Running 2493ms or 49 ticks behind
[10Feb2025 00:16:46.301] [Worker-Main-2/ERROR] [net.minecraft.world.entity.decoration.HangingEntity/]: Hanging entity at invalid position: BlockPos{x=-45, y=181, z=125}
[10Feb2025 00:16:46.302] [Worker-Main-2/ERROR] [net.minecraft.world.entity.decoration.HangingEntity/]: Hanging entity at invalid position: BlockPos{x=-45, y=181, z=127}
[10Feb2025 00:16:46.302] [Worker-Main-2/ERROR] [net.minecraft.world.entity.decoration.HangingEntity/]: Hanging entity at invalid position: BlockPos{x=-47, y=181, z=127}
[10Feb2025 00:16:54.961] [Server thread/WARN] [net.minecraft.server.MinecraftServer/]: Can't keep up! Is the server overloaded? Running 2789ms or 55 ticks behind
[10Feb2025 00:17:12.554] [Server thread/WARN] [net.minecraft.server.MinecraftServer/]: Can't keep up! Is the server overloaded? Running 2632ms or 52 ticks behind
[10Feb2025 00:17:33.329] [Server thread/WARN] [net.minecraft.server.MinecraftServer/]: Can't keep up! Is the server overloaded? Running 2007ms or 40 ticks behind
[10Feb2025 00:17:47.144] [Worker-Main-3/ERROR] [net.minecraft.world.entity.decoration.HangingEntity/]: Hanging entity at invalid position: BlockPos{x=-45, y=181, z=125}
[10Feb2025 00:17:47.144] [Worker-Main-3/ERROR] [net.minecraft.world.entity.decoration.HangingEntity/]: Hanging entity at invalid position: BlockPos{x=-45, y=181, z=127}
[10Feb2025 00:17:47.145] [Worker-Main-3/ERROR] [net.minecraft.world.entity.decoration.HangingEntity/]: Hanging entity at invalid position: BlockPos{x=-47, y=181, z=127}
[10Feb2025 00:18:24.725] [Server thread/WARN] [net.minecraft.server.MinecraftServer/]: Can't keep up! Is the server overloaded? Running 2003ms or 40 ticks behind
[10Feb2025 00:18:48.163] [Worker-Main-3/ERROR] [net.minecraft.world.entity.decoration.HangingEntity/]: Hanging entity at invalid position: BlockPos{x=-45, y=181, z=125}
[10Feb2025 00:18:48.163] [Worker-Main-3/ERROR] [net.minecraft.world.entity.decoration.HangingEntity/]: Hanging entity at invalid position: BlockPos{x=-45, y=181, z=127}
[10Feb2025 00:18:48.164] [Worker-Main-3/ERROR] [net.minecraft.world.entity.decoration.HangingEntity/]: Hanging entity at invalid position: BlockPos{x=-47, y=181, z=127}
[10Feb2025 00:18:52.578] [Server thread/WARN] [net.minecraft.server.MinecraftServer/]: Can't keep up! Is the server overloaded? Running 2006ms or 40 ticks behind
[10Feb2025 00:18:56.915] [Worker-Main-3/ERROR] [net.minecraft.world.entity.decoration.HangingEntity/]: Hanging entity at invalid position: BlockPos{x=-45, y=181, z=125}
[10Feb2025 00:18:56.915] [Worker-Main-3/ERROR] [net.minecraft.world.entity.decoration.HangingEntity/]: Hanging entity at invalid position: BlockPos{x=-45, y=181, z=127}
[10Feb2025 00:18:56.915] [Worker-Main-3/ERROR] [net.minecraft.world.entity.decoration.HangingEntity/]: Hanging entity at invalid position: BlockPos{x=-47, y=181, z=127}
[10Feb2025 00:19:15.325] [Server thread/WARN] [net.minecraft.server.MinecraftServer/]: Can't keep up! Is the server overloaded? Running 2003ms or 40 ticks behind
[10Feb2025 00:19:51.275] [Server thread/WARN] [net.minecraft.server.MinecraftServer/]: Can't keep up! Is the server overloaded? Running 2003ms or 40 ticks behind
[10Feb2025 00:20:05.708] [Server thread/ERROR] [placebo/]: Failed to locate any gear sets matching the following predicates: 
[10Feb2025 00:20:05.708] [Server thread/ERROR] [placebo/]: SetPredicate[#irons_spellbooks]
[10Feb2025 00:20:17.244] [pool-11-thread-2/INFO] [Supplementaries/]: Searching for closest structure among [ResourceKey[minecraft:worldgen/structure / blue_skies:village_shaded_woodlands], ResourceKey[minecraft:worldgen/structure / minecraft:village_plains], ResourceKey[minecraft:worldgen/structure / blue_skies:village_calming_skies], ResourceKey[minecraft:worldgen/structure / minecraft:village_taiga], ResourceKey[minecraft:worldgen/structure / blue_skies:village_sunset_maple_forest], ResourceKey[minecraft:worldgen/structure / minecraft:village_desert], ResourceKey[minecraft:worldgen/structure / minecraft:village_savanna], ResourceKey[minecraft:worldgen/structure / blue_skies:village_brightlands]] from pos BlockPos{x=-245, y=67, z=27}
[10Feb2025 00:20:19.571] [Server thread/WARN] [net.minecraft.server.MinecraftServer/]: Can't keep up! Is the server overloaded? Running 2199ms or 43 ticks behind
[10Feb2025 00:20:30.564] [Server thread/ERROR] [net.minecraft.Util/]: POI data mismatch: already registered at BlockPos{x=-400, y=-26, z=10}
[10Feb2025 00:20:30.565] [Server thread/ERROR] [net.minecraft.Util/]: POI data mismatch: already registered at BlockPos{x=-400, y=-26, z=9}
[10Feb2025 00:20:37.300] [Server thread/ERROR] [net.minecraft.Util/]: POI data mismatch: already registered at BlockPos{x=-409, y=-50, z=140}
[10Feb2025 00:21:24.480] [Server thread/ERROR] [net.minecraft.Util/]: POI data mismatch: already registered at BlockPos{x=-413, y=-9, z=-296}
[10Feb2025 00:21:32.958] [Worker-Main-3/WARN] [net.minecraft.server.level.WorldGenRegion/]: Tried to access a block entity before it was created. BlockPos{x=-216, y=26, z=-304}
[10Feb2025 00:22:34.439] [Worker-Main-2/WARN] [net.minecraft.server.level.WorldGenRegion/]: Tried to access a block entity before it was created. BlockPos{x=-227, y=13, z=-434}
[10Feb2025 00:23:05.373] [Server thread/ERROR] [net.minecraft.Util/]: POI data mismatch: already registered at BlockPos{x=-157, y=33, z=-286}
[10Feb2025 00:24:19.377] [Server thread/WARN] [net.minecraft.server.network.ServerGamePacketListenerImpl/]: ilis84 moved wrongly!
